<html>
<head>
<title>TestNG:  AllSuites</title>
<link href="../testng.css" rel="stylesheet" type="text/css" />
<link href="../my-testng.css" rel="stylesheet" type="text/css" />

<style type="text/css">
.log { display: none;} 
.stack-trace { display: none;} 
</style>
<script type="text/javascript">
<!--
function flip(e) {
  current = e.style.display;
  if (current == 'block') {
    e.style.display = 'none';
    return 0;
  }
  else {
    e.style.display = 'block';
    return 1;
  }
}

function toggleBox(szDivId, elem, msg1, msg2)
{
  var res = -1;  if (document.getElementById) {
    res = flip(document.getElementById(szDivId));
  }
  else if (document.all) {
    // this is the way old msie versions work
    res = flip(document.all[szDivId]);
  }
  if(elem) {
    if(res == 0) elem.innerHTML = msg1; else elem.innerHTML = msg2;
  }

}

function toggleAllBoxes() {
  if (document.getElementsByTagName) {
    d = document.getElementsByTagName('div');
    for (i = 0; i < d.length; i++) {
      if (d[i].className == 'log') {
        flip(d[i]);
      }
    }
  }
}

// -->
</script>

</head>
<body>
<h2 align='center'>AllSuites</h2><table border='1' align="center">
<tr>
<td>Tests passed/Failed/Skipped:</td><td>9/0/0</td>
</tr><tr>
<td>Started on:</td><td>Fri Nov 13 13:42:06 EST 2015</td>
</tr>
<tr><td>Total time:</td><td>21 seconds (21104 ms)</td>
</tr><tr>
<td>Included groups:</td><td></td>
</tr><tr>
<td>Excluded groups:</td><td></td>
</tr>
</table><p/>
<small><i>(Hover the method name to see the test class name)</i></small><p/>
<table width='100%' border='1' class='invocation-passed'>
<tr><td colspan='4' align='center'><b>PASSED TESTS</b></td></tr>
<tr><td><b>Test method</b></td>
<td width="30%"><b>Exception</b></td>
<td width="10%"><b>Time (seconds)</b></td>
<td><b>Instance</b></td>
</tr>
<tr>
<td title='com.mkyong.suites.SampleSuiteITest.we_should_be_able_to_configure_values_from_properties_files()'><b>we_should_be_able_to_configure_values_from_properties_files</b><br>Test class: com.mkyong.suites.SampleSuiteITest</td>
<td></td>
<td>0</td>
<td>com.mkyong.suites.SampleSuiteITest@13969fbe</td></tr>
<tr>
<td title='com.mkyong.suites.SampleSuiteITest.we_should_be_able_to_control_screensize_via_annotations()'><b>we_should_be_able_to_control_screensize_via_annotations</b><br>Test class: com.mkyong.suites.SampleSuiteITest</td>
<td></td>
<td>13</td>
<td>com.mkyong.suites.SampleSuiteITest@13969fbe</td></tr>
<tr>
<td title='com.mkyong.suites.SampleSuiteITest.we_should_be_able_to_pass_desired_urls_to_pages()'><b>we_should_be_able_to_pass_desired_urls_to_pages</b><br>Test class: com.mkyong.suites.SampleSuiteITest</td>
<td></td>
<td>12</td>
<td>com.mkyong.suites.SampleSuiteITest@13969fbe</td></tr>
<tr>
<td title='com.mkyong.suites.SampleSuiteITest.we_should_be_able_to_return_new_pages_from_pages()'><b>we_should_be_able_to_return_new_pages_from_pages</b><br>Test class: com.mkyong.suites.SampleSuiteITest</td>
<td></td>
<td>16</td>
<td>com.mkyong.suites.SampleSuiteITest@13969fbe</td></tr>
<tr>
<td title='com.mkyong.suites.SampleSuiteITest.we_should_be_able_to_set_the_user_agent_on_a_test_by_test_basis()'><b>we_should_be_able_to_set_the_user_agent_on_a_test_by_test_basis</b><br>Test class: com.mkyong.suites.SampleSuiteITest</td>
<td></td>
<td>0</td>
<td>com.mkyong.suites.SampleSuiteITest@13969fbe</td></tr>
<tr>
<td title='com.mkyong.suites.SampleSuiteITest.we_should_be_able_to_view_google_with_phantom()'><b>we_should_be_able_to_view_google_with_phantom</b><br>Test class: com.mkyong.suites.SampleSuiteITest</td>
<td></td>
<td>0</td>
<td>com.mkyong.suites.SampleSuiteITest@13969fbe</td></tr>
<tr>
<td title='com.mkyong.suites.SampleSuiteITest.we_should_be_default_screensize_to_Phone()'><b>we_should_be_default_screensize_to_Phone</b><br>Test class: com.mkyong.suites.SampleSuiteITest</td>
<td></td>
<td>0</td>
<td>com.mkyong.suites.SampleSuiteITest@13969fbe</td></tr>
<tr>
<td title='com.mkyong.suites.SampleSuiteITest.we_should_get_an_error_when_calling_factory_methods_with_a_return_type_that_does_not_extend_Page()'><b>we_should_get_an_error_when_calling_factory_methods_with_a_return_type_that_does_not_extend_Page</b><br>Test class: com.mkyong.suites.SampleSuiteITest</td>
<td><div><pre>com.github.jsdevel.testng.selenium.exceptions.PageInstantiationException: Pages returned from com.mkyong.pages.SamplePageFactory must return instances of com.github.jsdevel.testng.selenium.AbstractPage
	at com.github.jsdevel.testng.selenium.PageFactoryProxy.invoke(PageFactoryProxy.java:43)
	at com.sun.proxy.$Proxy8.getFoo(Unknown Source)
	at com.mkyong.suites.SampleSuiteITest.we_should_get_an_error_when_calling_factory_methods_with_a_return_type_that_does_not_extend_Page(SampleSuiteITest.java:39)
	at java.util.concurrent.ThreadPoolExecutor.runWorker(ThreadPoolExecutor.java:1142)
	at java.util.concurrent.ThreadPoolExecutor$Worker.run(ThreadPoolExecutor.java:617)
	at java.lang.Thread.run(Thread.java:745)
... Removed 10 stack frames</pre></div><a href='#' onClick='toggleBox("stack-trace320833240", this, "Click to show all stack frames", "Click to hide stack frames")'>Click to show all stack frames</a>
<div class='stack-trace' id='stack-trace320833240'><pre>com.github.jsdevel.testng.selenium.exceptions.PageInstantiationException: Pages returned from com.mkyong.pages.SamplePageFactory must return instances of com.github.jsdevel.testng.selenium.AbstractPage
	at com.github.jsdevel.testng.selenium.PageFactoryProxy.invoke(PageFactoryProxy.java:43)
	at com.sun.proxy.$Proxy8.getFoo(Unknown Source)
	at com.mkyong.suites.SampleSuiteITest.we_should_get_an_error_when_calling_factory_methods_with_a_return_type_that_does_not_extend_Page(SampleSuiteITest.java:39)
	at sun.reflect.NativeMethodAccessorImpl.invoke0(Native Method)
	at sun.reflect.NativeMethodAccessorImpl.invoke(NativeMethodAccessorImpl.java:62)
	at sun.reflect.DelegatingMethodAccessorImpl.invoke(DelegatingMethodAccessorImpl.java:43)
	at java.lang.reflect.Method.invoke(Method.java:483)
	at org.testng.internal.MethodInvocationHelper.invokeMethod(MethodInvocationHelper.java:85)
	at org.testng.internal.Invoker.invokeMethod(Invoker.java:696)
	at org.testng.internal.Invoker.invokeTestMethod(Invoker.java:882)
	at org.testng.internal.Invoker.invokeTestMethods(Invoker.java:1189)
	at org.testng.internal.TestMethodWorker.invokeTestMethods(TestMethodWorker.java:124)
	at org.testng.internal.TestMethodWorker.run(TestMethodWorker.java:108)
	at java.util.concurrent.ThreadPoolExecutor.runWorker(ThreadPoolExecutor.java:1142)
	at java.util.concurrent.ThreadPoolExecutor$Worker.run(ThreadPoolExecutor.java:617)
	at java.lang.Thread.run(Thread.java:745)
</pre></div></td>
<td>0</td>
<td>com.mkyong.suites.SampleSuiteITest@13969fbe</td></tr>
<tr>
<td title='com.mkyong.suites.SampleSuiteITest.we_should_get_an_error_when_initializing_a_page_that_is_not_viewable_from_the_current_url()'><b>we_should_get_an_error_when_initializing_a_page_that_is_not_viewable_from_the_current_url</b><br>Test class: com.mkyong.suites.SampleSuiteITest</td>
<td><div><pre>com.github.jsdevel.testng.selenium.exceptions.PageInitializationException: com.mkyong.pages.GoogleSearchResultsPage can not be viewed from https://google.com/asdfasdf
	at com.github.jsdevel.testng.selenium.AbstractPage.initialize(AbstractPage.java:124)
	at com.github.jsdevel.testng.selenium.PageFactoryProxy.invoke(PageFactoryProxy.java:39)
	at com.sun.proxy.$Proxy8.getSearchResultsPage(Unknown Source)
	at com.mkyong.suites.SampleSuiteITest.we_should_get_an_error_when_initializing_a_page_that_is_not_viewable_from_the_current_url(SampleSuiteITest.java:44)
	at java.util.concurrent.ThreadPoolExecutor.runWorker(ThreadPoolExecutor.java:1142)
	at java.util.concurrent.ThreadPoolExecutor$Worker.run(ThreadPoolExecutor.java:617)
	at java.lang.Thread.run(Thread.java:745)
... Removed 10 stack frames</pre></div><a href='#' onClick='toggleBox("stack-trace957855471", this, "Click to show all stack frames", "Click to hide stack frames")'>Click to show all stack frames</a>
<div class='stack-trace' id='stack-trace957855471'><pre>com.github.jsdevel.testng.selenium.exceptions.PageInitializationException: com.mkyong.pages.GoogleSearchResultsPage can not be viewed from https://google.com/asdfasdf
	at com.github.jsdevel.testng.selenium.AbstractPage.initialize(AbstractPage.java:124)
	at com.github.jsdevel.testng.selenium.PageFactoryProxy.invoke(PageFactoryProxy.java:39)
	at com.sun.proxy.$Proxy8.getSearchResultsPage(Unknown Source)
	at com.mkyong.suites.SampleSuiteITest.we_should_get_an_error_when_initializing_a_page_that_is_not_viewable_from_the_current_url(SampleSuiteITest.java:44)
	at sun.reflect.NativeMethodAccessorImpl.invoke0(Native Method)
	at sun.reflect.NativeMethodAccessorImpl.invoke(NativeMethodAccessorImpl.java:62)
	at sun.reflect.DelegatingMethodAccessorImpl.invoke(DelegatingMethodAccessorImpl.java:43)
	at java.lang.reflect.Method.invoke(Method.java:483)
	at org.testng.internal.MethodInvocationHelper.invokeMethod(MethodInvocationHelper.java:85)
	at org.testng.internal.Invoker.invokeMethod(Invoker.java:696)
	at org.testng.internal.Invoker.invokeTestMethod(Invoker.java:882)
	at org.testng.internal.Invoker.invokeTestMethods(Invoker.java:1189)
	at org.testng.internal.TestMethodWorker.invokeTestMethods(TestMethodWorker.java:124)
	at org.testng.internal.TestMethodWorker.run(TestMethodWorker.java:108)
	at java.util.concurrent.ThreadPoolExecutor.runWorker(ThreadPoolExecutor.java:1142)
	at java.util.concurrent.ThreadPoolExecutor$Worker.run(ThreadPoolExecutor.java:617)
	at java.lang.Thread.run(Thread.java:745)
</pre></div></td>
<td>0</td>
<td>com.mkyong.suites.SampleSuiteITest@13969fbe</td></tr>
</table><p>
</body>
</html>